
upload
{"files":[]}
img
upload
creo anteprima facebook-tr.png
{"files":[{"name":"facebook-tr.png","url":"facebook-tr.png","size":971,"thumbnailUrl":"facebook-tr.png"}]}
img
img
img
img
upload
upload
{"files":[]}
upload
{"files":[]}
upload
{"files":[]}
upload
creo anteprima misc/uploads/thumbnails/facebook-tr.png
{"files":[{"name":"facebook-tr.png","url":"http:\/\/localhost\/speleoalex\/flatnux\/uploads\/facebook-tr.png","size":971,"thumbnailUrl":"http:\/\/localhost\/speleoalex\/flatnux\/uploads\/thumbnails\/facebook-tr.png"}]}
img
img
img
upload
creo anteprima misc/uploads/thumbnails/facebook-tr.png
{"files":[{"name":"facebook-tr.png","url":"http:\/\/localhost\/speleoalex\/flatnux\/\/miscuploads\/facebook-tr.png","size":971,"thumbnailUrl":"http:\/\/localhost\/speleoalex\/flatnux\/\/miscuploads\/thumbnails\/facebook-tr.png"}]}
img
upload
{"files":[{"name":"facebook-tr.png","url":"http:\/\/localhost\/speleoalex\/flatnux\/misc\/uploads\/facebook-tr.png","size":971,"thumbnailUrl":"http:\/\/localhost\/speleoalex\/flatnux\/misc\/uploads\/thumbnails\/facebook-tr.png"}]}
img
upload
creo anteprima misc/uploads/thumbnails/facebook-tr.png
{"files":[{"name":"facebook-tr.png","url":"http:\/\/localhost\/speleoalex\/flatnux\/misc\/uploads\/facebook-tr.png","size":971,"thumbnailUrl":"http:\/\/localhost\/speleoalex\/flatnux\/misc\/uploads\/thumbnails\/facebook-tr.png"}]}
img
upload
creo anteprima misc/uploads/thumbnails/Screenshot_20170427_120841.png
{"files":[{"name":"Screenshot_20170427_120841.png","url":"http:\/\/localhost\/speleoalex\/flatnux\/misc\/uploads\/Screenshot_20170427_120841.png","size":29386,"thumbnailUrl":"http:\/\/localhost\/speleoalex\/flatnux\/misc\/uploads\/thumbnails\/Screenshot_20170427_120841.png"}]}
img
upload
creo anteprima misc/uploads/thumbnails/Screenshot_20170531_075827.png
{"files":[{"name":"Screenshot_20170531_075827.png","url":"http:\/\/localhost\/speleoalex\/flatnux\/misc\/uploads\/Screenshot_20170531_075827.png","size":80714,"thumbnailUrl":"http:\/\/localhost\/speleoalex\/flatnux\/misc\/uploads\/thumbnails\/Screenshot_20170531_075827.png"}]}
img
img
img
img
img
img
img
img
img
img
img
upload
upload
upload
{"files":[]}
upload
{"files":[]}
img
upload
creo anteprima misc/mosaico/speleoalex/uploads/thumbnails/facebook-tr.png
{"files":[{"name":"facebook-tr.png","url":"http:\/\/localhost\/speleoalex\/flatnux\/misc\/mosaico\/speleoalex\/uploads\/facebook-tr.png","size":971,"thumbnailUrl":"http:\/\/localhost\/speleoalex\/flatnux\/misc\/mosaico\/speleoalex\/uploads\/thumbnails\/facebook-tr.png"}]}
img
upload
creo anteprima misc/mosaico/speleoalex/uploads/thumbnails/Screenshot_20170427_120841.png
{"files":[{"name":"Screenshot_20170427_120841.png","url":"http:\/\/localhost\/speleoalex\/flatnux\/misc\/mosaico\/speleoalex\/uploads\/Screenshot_20170427_120841.png","size":29386,"thumbnailUrl":"http:\/\/localhost\/speleoalex\/flatnux\/misc\/mosaico\/speleoalex\/uploads\/thumbnails\/Screenshot_20170427_120841.png"}]}
img
img
img
img
img
img
img
img
img
img
img
img
img
img
img
img
dl
img
img
dl
img
img
img
img
img
img
img
img
img
upload
{"files":[{"name":"facebook-tr.png","url":"http:\/\/local.nivolacloud.com\/speleoalex\/flatnux\/misc\/mosaico\/speleoalex\/uploads\/facebook-tr.png","size":971,"thumbnailUrl":"http:\/\/local.nivolacloud.com\/speleoalex\/flatnux\/misc\/mosaico\/speleoalex\/uploads\/thumbnails\/facebook-tr.png"},{"name":"Screenshot_20170427_120841.png","url":"http:\/\/local.nivolacloud.com\/speleoalex\/flatnux\/misc\/mosaico\/speleoalex\/uploads\/Screenshot_20170427_120841.png","size":29386,"thumbnailUrl":"http:\/\/local.nivolacloud.com\/speleoalex\/flatnux\/misc\/mosaico\/speleoalex\/uploads\/thumbnails\/Screenshot_20170427_120841.png"}]}
img
img
upload
{"files":[{"name":"facebook-tr.png","url":"http:\/\/local.nivolacloud.com\/speleoalex\/flatnux\/misc\/mosaico\/speleoalex\/uploads\/facebook-tr.png","size":971,"thumbnailUrl":"http:\/\/local.nivolacloud.com\/speleoalex\/flatnux\/misc\/mosaico\/speleoalex\/uploads\/thumbnails\/facebook-tr.png"},{"name":"Screenshot_20170427_120841.png","url":"http:\/\/local.nivolacloud.com\/speleoalex\/flatnux\/misc\/mosaico\/speleoalex\/uploads\/Screenshot_20170427_120841.png","size":29386,"thumbnailUrl":"http:\/\/local.nivolacloud.com\/speleoalex\/flatnux\/misc\/mosaico\/speleoalex\/uploads\/thumbnails\/Screenshot_20170427_120841.png"}]}
img
img
img
img
img
img
img
img
img
img
img
img
img
img
img
img
img
img
img
img
upload
creo anteprima misc/mosaico/speleoalex/uploads/thumbnails/facebook-tr.png
{"files":[{"name":"facebook-tr.png","url":"http:\/\/local.nivolacloud.com\/speleoalex\/flatnux\/misc\/mosaico\/speleoalex\/uploads\/facebook-tr.png","size":971,"thumbnailUrl":"http:\/\/local.nivolacloud.com\/speleoalex\/flatnux\/misc\/mosaico\/speleoalex\/uploads\/thumbnails\/facebook-tr.png"}]}
img
upload
creo anteprima misc/mosaico/speleoalex/uploads/thumbnails/Screenshot_20170531_075827.png
{"files":[{"name":"Screenshot_20170531_075827.png","url":"http:\/\/local.nivolacloud.com\/speleoalex\/flatnux\/misc\/mosaico\/speleoalex\/uploads\/Screenshot_20170531_075827.png","size":80714,"thumbnailUrl":"http:\/\/local.nivolacloud.com\/speleoalex\/flatnux\/misc\/mosaico\/speleoalex\/uploads\/thumbnails\/Screenshot_20170531_075827.png"}]}
img
img
img
dl
img
upload
creo anteprima misc/mosaico/speleoalex/uploads/thumbnails/facebook-tr.png
{"files":[{"name":"facebook-tr.png","url":"http:\/\/local.nivolacloud.com\/speleoalex\/flatnux\/misc\/mosaico\/speleoalex\/uploads\/facebook-tr.png","size":971,"thumbnailUrl":"http:\/\/local.nivolacloud.com\/speleoalex\/flatnux\/misc\/mosaico\/speleoalex\/uploads\/thumbnails\/facebook-tr.png"}]}
img
img
dl
img
dl
dl
dl
dl
dl
img
img
img
img
upload
creo anteprima misc/mosaico/speleoalex/uploads/thumbnails/facebook-tr.png
{"files":[{"name":"facebook-tr.png","url":"http:\/\/local.nivolacloud.com\/speleoalex\/flatnux\/misc\/mosaico\/speleoalex\/uploads\/facebook-tr.png","size":971,"thumbnailUrl":"http:\/\/local.nivolacloud.com\/speleoalex\/flatnux\/misc\/mosaico\/speleoalex\/uploads\/thumbnails\/facebook-tr.png"}]}
img
upload
creo anteprima misc/mosaico/speleoalex/uploads/thumbnails/facebook-tr.png
{"files":[{"name":"facebook-tr.png","url":"http:\/\/local.nivolacloud.com\/speleoalex\/flatnux\/misc\/mosaico\/speleoalex\/uploads\/facebook-tr.png","size":971,"thumbnailUrl":"http:\/\/local.nivolacloud.com\/speleoalex\/flatnux\/misc\/mosaico\/speleoalex\/uploads\/thumbnails\/facebook-tr.png"}]}
upload
creo anteprima misc/mosaico/speleoalex/uploads/thumbnails/delorean_interno.jpg
{"files":[{"name":"delorean_interno.jpg","url":"http:\/\/local.nivolacloud.com\/speleoalex\/flatnux\/misc\/mosaico\/speleoalex\/uploads\/delorean_interno.jpg","size":424777,"thumbnailUrl":"http:\/\/local.nivolacloud.com\/speleoalex\/flatnux\/misc\/mosaico\/speleoalex\/uploads\/thumbnails\/delorean_interno.jpg"}]}
img
upload
creo anteprima misc/mosaico/speleoalex/uploads/thumbnails/18870108_1419291654796371_107094895_o.jpg
{"files":[{"name":"18870108_1419291654796371_107094895_o.jpg","url":"http:\/\/local.nivolacloud.com\/speleoalex\/flatnux\/misc\/mosaico\/speleoalex\/uploads\/18870108_1419291654796371_107094895_o.jpg","size":310673,"thumbnailUrl":"http:\/\/local.nivolacloud.com\/speleoalex\/flatnux\/misc\/mosaico\/speleoalex\/uploads\/thumbnails\/18870108_1419291654796371_107094895_o.jpg"}]}
img
upload
creo anteprima misc/mosaico/speleoalex/uploads/thumbnails/Screenshot_20170427_120747.png
{"files":[{"name":"Screenshot_20170427_120747.png","url":"http:\/\/local.nivolacloud.com\/speleoalex\/flatnux\/misc\/mosaico\/speleoalex\/uploads\/Screenshot_20170427_120747.png","size":49626,"thumbnailUrl":"http:\/\/local.nivolacloud.com\/speleoalex\/flatnux\/misc\/mosaico\/speleoalex\/uploads\/thumbnails\/Screenshot_20170427_120747.png"}]}
img
upload
creo anteprima misc/mosaico/speleoalex/uploads/thumbnails/facebook-tr.png
{"files":[{"name":"facebook-tr.png","url":"http:\/\/local.nivolacloud.com\/speleoalex\/flatnux\/misc\/mosaico\/speleoalex\/uploads\/facebook-tr.png","size":971,"thumbnailUrl":"http:\/\/local.nivolacloud.com\/speleoalex\/flatnux\/misc\/mosaico\/speleoalex\/uploads\/thumbnails\/facebook-tr.png"}]}
img
img
img
img
img
img
img
img
img
img
img
img
dl
img
img
img
img
img
img
img
img
img
img
img
img
img
img
img
img
img
img
img
img
img
img
img
img
img
img
img
img
img
img
img
img
img
img
img
img
upload
creo anteprima misc/mosaico/speleoalex/uploads/thumbnails/facebook-tr.png
{"files":[{"name":"facebook-tr.png","url":"http:\/\/local.nivolacloud.com\/speleoalex\/flatnux\/misc\/mosaico\/speleoalex\/uploads\/facebook-tr.png","size":971,"thumbnailUrl":"http:\/\/local.nivolacloud.com\/speleoalex\/flatnux\/misc\/mosaico\/speleoalex\/uploads\/thumbnails\/facebook-tr.png"}]}
img
img
img
img
img
img
img
img
img
img
img
img
img
img
img
img
img
img
img
img
img
img
upload
creo anteprima misc/mosaico/speleoalex/uploads/thumbnails/facebook-tr.png
{"files":[{"name":"facebook-tr.png","url":"http:\/\/local.nivolacloud.com\/speleoalex\/flatnux\/misc\/mosaico\/speleoalex\/uploads\/facebook-tr.png","size":971,"thumbnailUrl":"http:\/\/local.nivolacloud.com\/speleoalex\/flatnux\/misc\/mosaico\/speleoalex\/uploads\/thumbnails\/facebook-tr.png"}]}
img
img
upload
creo anteprima misc/mosaico/speleoalex/uploads/thumbnails/facebook-tr.png
{"files":[{"name":"facebook-tr.png","url":"http:\/\/local.nivolacloud.com\/speleoalex\/flatnux\/misc\/mosaico\/speleoalex\/uploads\/facebook-tr.png","size":971,"thumbnailUrl":"http:\/\/local.nivolacloud.com\/speleoalex\/flatnux\/misc\/mosaico\/speleoalex\/uploads\/thumbnails\/facebook-tr.png"}]}
img
img
img
img
img
img
img
img